--------------------------------------------------------------------------------
Release 14.4 Trace  (nt)
Copyright (c) 1995-2012 Xilinx, Inc.  All rights reserved.

C:\Xilinx\14.4\ISE_DS\ISE\bin\nt\unwrapped\trce.exe -intstyle ise -v 3 -s 3 -n
3 -fastpaths -xml Practice_1.twx Practice_1.ncd -o Practice_1.twr
Practice_1.pcf -ucf Ports.ucf

Design file:              Practice_1.ncd
Physical constraint file: Practice_1.pcf
Device,package,speed:     xc6slx45,csg324,C,-3 (PRODUCTION 1.23 2012-12-04)
Report level:             verbose report

Environment Variable      Effect 
--------------------      ------ 
NONE                      No environment variables were set
--------------------------------------------------------------------------------

INFO:Timing:2698 - No timing constraints found, doing default enumeration.
INFO:Timing:3412 - To improve timing, see the Timing Closure User Guide (UG612).
INFO:Timing:2752 - To get complete path coverage, use the unconstrained paths 
   option. All paths that are not constrained will be reported in the 
   unconstrained paths section(s) of the report.
INFO:Timing:3339 - The clock-to-out numbers in this timing report are based on 
   a 50 Ohm transmission line loading model.  For the details of this model, 
   and for more information on accounting for different loading conditions, 
   please see the device datasheet.



Data Sheet report:
-----------------
All values displayed in nanoseconds (ns)

Pad to Pad
---------------+---------------+---------+
Source Pad     |Destination Pad|  Delay  |
---------------+---------------+---------+
A<0>           |Cout           |   13.272|
A<0>           |Z<0>           |   12.284|
A<0>           |Z<1>           |   12.327|
A<0>           |Z<2>           |   12.318|
A<0>           |Z<3>           |   13.315|
A<1>           |Cout           |   13.913|
A<1>           |Z<1>           |   12.959|
A<1>           |Z<2>           |   12.619|
A<1>           |Z<3>           |   13.956|
A<2>           |Cout           |   13.481|
A<2>           |Z<2>           |   12.640|
A<2>           |Z<3>           |   13.524|
A<3>           |Cout           |   11.224|
A<3>           |Z<3>           |   11.267|
B<0>           |Cout           |   11.653|
B<0>           |Z<0>           |   10.542|
B<0>           |Z<1>           |   10.585|
B<0>           |Z<2>           |   10.157|
B<0>           |Z<3>           |   11.696|
B<1>           |Cout           |   12.685|
B<1>           |Z<1>           |   11.851|
B<1>           |Z<2>           |   11.912|
B<1>           |Z<3>           |   12.728|
B<2>           |Cout           |   12.282|
B<2>           |Z<2>           |   11.394|
B<2>           |Z<3>           |   12.325|
B<3>           |Cout           |   12.631|
B<3>           |Z<3>           |   12.674|
---------------+---------------+---------+


Analysis completed Fri Feb 08 15:12:29 2019 
--------------------------------------------------------------------------------

Trace Settings:
-------------------------
Trace Settings 

Peak Memory Usage: 187 MB



