Running: C:\Xilinx\14.4\ISE_DS\ISE\bin\nt\unwrapped\fuse.exe -intstyle ise -incremental -lib unisims_ver -lib unimacro_ver -lib xilinxcorelib_ver -lib secureip -o C:/CS223_Hardware_Lab/Verilog_Assgn/Question_2/mux_4_to_16_test_isim_beh.exe -prj C:/CS223_Hardware_Lab/Verilog_Assgn/Question_2/mux_4_to_16_test_beh.prj work.mux_4_to_16_test work.glbl 
ISim P.49d (signature 0x8ef4fb42)
Number of CPUs detected in this system: 2
Turning on mult-threading, number of parallel sub-compilation jobs: 4 
Determining compilation order of HDL files
Analyzing Verilog file "C:/CS223_Hardware_Lab/Verilog_Assgn/Question_2/mux_4_to_16.v" into library work
Analyzing Verilog file "C:/CS223_Hardware_Lab/Verilog_Assgn/Question_2/mux_4_to_16_test.v" into library work
Analyzing Verilog file "C:/Xilinx/14.4/ISE_DS/ISE//verilog/src/glbl.v" into library work
Starting static elaboration
Completed static elaboration
Fuse Memory Usage: 85708 KB
Fuse CPU Usage: 156 ms
Compiling module mux_2_to_4
Compiling module mux_4_to_16
Compiling module mux_4_to_16_test
Compiling module glbl
Time Resolution for simulation is 1ps.
Waiting for 1 sub-compilation(s) to finish...
Compiled 4 Verilog Units
Built simulation executable C:/CS223_Hardware_Lab/Verilog_Assgn/Question_2/mux_4_to_16_test_isim_beh.exe
Fuse Memory Usage: 90144 KB
Fuse CPU Usage: 186 ms
