Release 14.4 - xst P.49d (nt)
Copyright (c) 1995-2012 Xilinx, Inc.  All rights reserved.
--> Parameter TMPDIR set to xst/projnav.tmp


Total REAL time to Xst completion: 1.00 secs
Total CPU time to Xst completion: 0.06 secs
 
--> Parameter xsthdpdir set to xst


Total REAL time to Xst completion: 1.00 secs
Total CPU time to Xst completion: 0.06 secs
 
--> Reading design: distributive_verification.prj

TABLE OF CONTENTS
  1) Synthesis Options Summary
  2) HDL Parsing
  3) HDL Elaboration
  4) HDL Synthesis
       4.1) HDL Synthesis Report
  5) Advanced HDL Synthesis
       5.1) Advanced HDL Synthesis Report
  6) Low Level Synthesis
  7) Partition Report
  8) Design Summary
       8.1) Primitive and Black Box Usage
       8.2) Device utilization summary
       8.3) Partition Resource Summary
       8.4) Timing Report
            8.4.1) Clock Information
            8.4.2) Asynchronous Control Signals Information
            8.4.3) Timing Summary
            8.4.4) Timing Details
            8.4.5) Cross Clock Domains Report


=========================================================================
*                      Synthesis Options Summary                        *
=========================================================================
---- Source Parameters
Input File Name                    : "distributive_verification.prj"
Ignore Synthesis Constraint File   : NO

---- Target Parameters
Output File Name                   : "distributive_verification"
Output Format                      : NGC
Target Device                      : xc6slx45-3-csg324

---- Source Options
Top Module Name                    : distributive_verification
Automatic FSM Extraction           : YES
FSM Encoding Algorithm             : Auto
Safe Implementation                : No
FSM Style                          : LUT
RAM Extraction                     : Yes
RAM Style                          : Auto
ROM Extraction                     : Yes
Shift Register Extraction          : YES
ROM Style                          : Auto
Resource Sharing                   : YES
Asynchronous To Synchronous        : NO
Shift Register Minimum Size        : 2
Use DSP Block                      : Auto
Automatic Register Balancing       : No

---- Target Options
LUT Combining                      : Auto
Reduce Control Sets                : Auto
Add IO Buffers                     : YES
Global Maximum Fanout              : 100000
Add Generic Clock Buffer(BUFG)     : 16
Register Duplication               : YES
Optimize Instantiated Primitives   : NO
Use Clock Enable                   : Auto
Use Synchronous Set                : Auto
Use Synchronous Reset              : Auto
Pack IO Registers into IOBs        : Auto
Equivalent register Removal        : YES

---- General Options
Optimization Goal                  : Speed
Optimization Effort                : 1
Power Reduction                    : NO
Keep Hierarchy                     : No
Netlist Hierarchy                  : As_Optimized
RTL Output                         : Yes
Global Optimization                : AllClockNets
Read Cores                         : YES
Write Timing Constraints           : NO
Cross Clock Analysis               : NO
Hierarchy Separator                : /
Bus Delimiter                      : <>
Case Specifier                     : Maintain
Slice Utilization Ratio            : 100
BRAM Utilization Ratio             : 100
DSP48 Utilization Ratio            : 100
Auto BRAM Packing                  : NO
Slice Utilization Ratio Delta      : 5

=========================================================================


=========================================================================
*                          HDL Parsing                                  *
=========================================================================
Analyzing Verilog file "C:\CS223_Hardware_Lab\Verilog_Assgn\Question_5\distributive_verification.v" into library work
Parsing module <Booth4_4>.
Parsing module <Booth5_4>.
Parsing module <distributive_verification>.

=========================================================================
*                            HDL Elaboration                            *
=========================================================================

Elaborating module <distributive_verification>.

Elaborating module <Booth5_4>.

Elaborating module <Booth4_4>.

=========================================================================
*                           HDL Synthesis                               *
=========================================================================

Synthesizing Unit <distributive_verification>.
    Related source file is "C:\CS223_Hardware_Lab\Verilog_Assgn\Question_5\distributive_verification.v".
    Found 5-bit adder for signal <temp> created at line 81.
    Found 9-bit adder for signal <op2> created at line 88.
    Found 9-bit comparator not equal for signal <op1[8]_op2[8]_equal_3_o> created at line 90
    Summary:
	inferred   2 Adder/Subtractor(s).
	inferred   1 Comparator(s).
Unit <distributive_verification> synthesized.

Synthesizing Unit <Booth5_4>.
    Related source file is "C:\CS223_Hardware_Lab\Verilog_Assgn\Question_5\distributive_verification.v".
    Found 5-bit subtractor for signal <GND_2_o_X[4]_sub_10_OUT> created at line 64.
    Found 5-bit subtractor for signal <GND_2_o_X[4]_sub_16_OUT> created at line 64.
    Found 5-bit subtractor for signal <GND_2_o_X[4]_sub_22_OUT> created at line 64.
    Found 9-bit subtractor for signal <GND_2_o_unary_minus_24_OUT> created at line 69.
    Found 5-bit adder for signal <GND_2_o_X[4]_add_6_OUT> created at line 62.
    Found 5-bit adder for signal <GND_2_o_X[4]_add_12_OUT> created at line 62.
    Found 5-bit adder for signal <GND_2_o_X[4]_add_18_OUT> created at line 62.
    Found 5-bit subtractor for signal <GND_2_o_X[4]_sub_3_OUT> created at line 64.
    Summary:
	inferred   8 Adder/Subtractor(s).
	inferred  32 Multiplexer(s).
Unit <Booth5_4> synthesized.

Synthesizing Unit <Booth4_4>.
    Related source file is "C:\CS223_Hardware_Lab\Verilog_Assgn\Question_5\distributive_verification.v".
    Found 4-bit subtractor for signal <GND_4_o_X[3]_sub_10_OUT> created at line 37.
    Found 4-bit subtractor for signal <GND_4_o_X[3]_sub_16_OUT> created at line 37.
    Found 4-bit subtractor for signal <GND_4_o_X[3]_sub_22_OUT> created at line 37.
    Found 8-bit subtractor for signal <GND_4_o_unary_minus_24_OUT> created at line 42.
    Found 4-bit adder for signal <GND_4_o_X[3]_add_6_OUT> created at line 35.
    Found 4-bit adder for signal <GND_4_o_X[3]_add_12_OUT> created at line 35.
    Found 4-bit adder for signal <GND_4_o_X[3]_add_18_OUT> created at line 35.
    Found 4-bit subtractor for signal <GND_4_o_X[3]_sub_3_OUT> created at line 37.
    Summary:
	inferred   8 Adder/Subtractor(s).
	inferred  26 Multiplexer(s).
Unit <Booth4_4> synthesized.

=========================================================================
HDL Synthesis Report

Macro Statistics
# Adders/Subtractors                                   : 26
 4-bit adder                                           : 6
 4-bit subtractor                                      : 8
 5-bit adder                                           : 4
 5-bit subtractor                                      : 4
 8-bit subtractor                                      : 2
 9-bit adder                                           : 1
 9-bit subtractor                                      : 1
# Comparators                                          : 1
 9-bit comparator not equal                            : 1
# Multiplexers                                         : 84
 1-bit 2-to-1 multiplexer                              : 78
 8-bit 2-to-1 multiplexer                              : 4
 9-bit 2-to-1 multiplexer                              : 2

=========================================================================

=========================================================================
*                       Advanced HDL Synthesis                          *
=========================================================================


=========================================================================
Advanced HDL Synthesis Report

Macro Statistics
# Adders/Subtractors                                   : 26
 4-bit adder                                           : 6
 4-bit subtractor                                      : 8
 5-bit adder                                           : 4
 5-bit subtractor                                      : 4
 8-bit subtractor                                      : 2
 9-bit adder                                           : 1
 9-bit subtractor                                      : 1
# Comparators                                          : 1
 9-bit comparator not equal                            : 1
# Multiplexers                                         : 84
 1-bit 2-to-1 multiplexer                              : 78
 8-bit 2-to-1 multiplexer                              : 4
 9-bit 2-to-1 multiplexer                              : 2

=========================================================================

=========================================================================
*                         Low Level Synthesis                           *
=========================================================================

Optimizing unit <distributive_verification> ...

Optimizing unit <Booth4_4> ...

Mapping all equations...
Building and optimizing final netlist ...
Found area constraint ratio of 100 (+ 5) on block distributive_verification, actual ratio is 0.

Final Macro Processing ...

=========================================================================
Final Register Report

Found no macro
=========================================================================

=========================================================================
*                           Partition Report                            *
=========================================================================

Partition Implementation Status
-------------------------------

  No Partitions were found in this design.

-------------------------------

=========================================================================
*                            Design Summary                             *
=========================================================================

Top Level Output File Name         : distributive_verification.ngc

Primitive and Black Box Usage:
------------------------------
# BELS                             : 157
#      GND                         : 1
#      LUT2                        : 15
#      LUT3                        : 7
#      LUT4                        : 10
#      LUT5                        : 30
#      LUT6                        : 73
#      MUXCY                       : 8
#      MUXF7                       : 4
#      XORCY                       : 9
# IO Buffers                       : 31
#      IBUF                        : 12
#      OBUF                        : 19

Device utilization summary:
---------------------------

Selected Device : 6slx45csg324-3 


Slice Logic Utilization: 
 Number of Slice LUTs:                  135  out of  27288     0%  
    Number used as Logic:               135  out of  27288     0%  

Slice Logic Distribution: 
 Number of LUT Flip Flop pairs used:    135
   Number with an unused Flip Flop:     135  out of    135   100%  
   Number with an unused LUT:             0  out of    135     0%  
   Number of fully used LUT-FF pairs:     0  out of    135     0%  
   Number of unique control sets:         0

IO Utilization: 
 Number of IOs:                          31
 Number of bonded IOBs:                  31  out of    218    14%  

Specific Feature Utilization:

---------------------------
Partition Resource Summary:
---------------------------

  No Partitions were found in this design.

---------------------------


=========================================================================
Timing Report

NOTE: THESE TIMING NUMBERS ARE ONLY A SYNTHESIS ESTIMATE.
      FOR ACCURATE TIMING INFORMATION PLEASE REFER TO THE TRACE REPORT
      GENERATED AFTER PLACE-and-ROUTE.

Clock Information:
------------------
No clock signals found in this design

Asynchronous Control Signals Information:
----------------------------------------
No asynchronous control signals found in this design

Timing Summary:
---------------
Speed Grade: -3

   Minimum period: No path found
   Minimum input arrival time before clock: No path found
   Maximum output required time after clock: No path found
   Maximum combinational path delay: 19.034ns

Timing Details:
---------------
All values displayed in nanoseconds (ns)

=========================================================================
Timing constraint: Default path analysis
  Total number of paths / destination ports: 185652 / 19
-------------------------------------------------------------------------
Delay:               19.034ns (Levels of Logic = 15)
  Source:            in1<0> (PAD)
  Destination:       Z (PAD)

  Data Path: in1<0> to Z
                                Gate     Net
    Cell:in->out      fanout   Delay   Delay  Logical Name (Net Name)
    ----------------------------------------  ------------
     IBUF:I->O            41   1.222   1.524  in1_0_IBUF (in1_0_IBUF)
     LUT6:I4->O            7   0.203   0.774  Madd_temp_cy<2>11 (Madd_temp_cy<2>)
     LUT3:I2->O            9   0.205   1.174  Madd_temp_xor<3>11 (temp<3>)
     LUT6:I1->O            2   0.203   0.981  b1/Madd_GND_2_o_X[4]_add_6_OUT_lut<2>1 (b1/Madd_GND_2_o_X[4]_add_6_OUT_lut<2>)
     LUT6:I0->O            2   0.203   0.845  b1/Madd_GND_2_o_X[4]_add_6_OUT_cy<2>11 (b1/Madd_GND_2_o_X[4]_add_6_OUT_cy<2>)
     LUT6:I3->O            5   0.205   1.079  b1/Mmux_GND_2_o_GND_2_o_MUX_15_o11 (b1/GND_2_o_GND_2_o_MUX_16_o)
     LUT6:I0->O            2   0.203   0.721  b1/Madd_GND_2_o_X[4]_add_12_OUT_cy<2>11 (b1/Madd_GND_2_o_X[4]_add_12_OUT_cy<2>)
     LUT6:I4->O            5   0.203   1.079  b1/Mmux_GND_2_o_GND_2_o_MUX_25_o11 (b1/GND_2_o_GND_2_o_MUX_26_o)
     LUT6:I0->O            2   0.203   0.845  b1/Madd_GND_2_o_X[4]_add_18_OUT_cy<2>11 (b1/Madd_GND_2_o_X[4]_add_18_OUT_cy<2>)
     LUT4:I1->O            1   0.205   0.808  b1/Mmux_GND_2_o_GND_2_o_MUX_35_o11_SW1 (N24)
     LUT6:I3->O            3   0.205   0.755  b1/Mmux_GND_2_o_GND_2_o_MUX_35_o11 (b1/GND_2_o_GND_2_o_MUX_36_o)
     LUT4:I2->O            2   0.203   0.845  b1/Mmux_Z91 (op1_8_OBUF)
     LUT5:I2->O            1   0.205   0.580  Z3 (Z3)
     LUT5:I4->O            1   0.205   0.579  Z4 (Z_OBUF)
     OBUF:I->O                 2.571          Z_OBUF (Z)
    ----------------------------------------
    Total                     19.034ns (6.444ns logic, 12.590ns route)
                                       (33.9% logic, 66.1% route)

=========================================================================

Cross Clock Domains Report:
--------------------------

=========================================================================


Total REAL time to Xst completion: 5.00 secs
Total CPU time to Xst completion: 4.55 secs
 
--> 

Total memory usage is 171724 kilobytes

Number of errors   :    0 (   0 filtered)
Number of warnings :    0 (   0 filtered)
Number of infos    :    0 (   0 filtered)

