Running: C:\Xilinx\14.4\ISE_DS\ISE\bin\nt\unwrapped\fuse.exe -intstyle ise -incremental -lib unisims_ver -lib unimacro_ver -lib xilinxcorelib_ver -lib secureip -o C:/CS223_Hardware_Lab/Verilog_Assgn/Question_5/distributive_verification_test_isim_beh.exe -prj C:/CS223_Hardware_Lab/Verilog_Assgn/Question_5/distributive_verification_test_beh.prj work.distributive_verification_test work.glbl 
ISim P.49d (signature 0x8ef4fb42)
Number of CPUs detected in this system: 2
Turning on mult-threading, number of parallel sub-compilation jobs: 4 
Determining compilation order of HDL files
Analyzing Verilog file "C:/CS223_Hardware_Lab/Verilog_Assgn/Question_5/distributive_verification.v" into library work
Analyzing Verilog file "C:/CS223_Hardware_Lab/Verilog_Assgn/Question_5/distributive_verification_test.v" into library work
Analyzing Verilog file "C:/Xilinx/14.4/ISE_DS/ISE//verilog/src/glbl.v" into library work
Starting static elaboration
Completed static elaboration
Fuse Memory Usage: 86668 KB
Fuse CPU Usage: 171 ms
Compiling module Booth5_4
Compiling module Booth4_4
Compiling module distributive_verification
Compiling module distributive_verification_test
Compiling module glbl
Time Resolution for simulation is 1ps.
Waiting for 2 sub-compilation(s) to finish...
Compiled 5 Verilog Units
Built simulation executable C:/CS223_Hardware_Lab/Verilog_Assgn/Question_5/distributive_verification_test_isim_beh.exe
Fuse Memory Usage: 90080 KB
Fuse CPU Usage: 187 ms
