ISim log file
Running: C:\CS223_Hardware_Lab\Verilog_Assgn\Question_5\distributive_verification_test_isim_beh.exe -intstyle ise -gui -tclbatch isim.cmd -wdb C:/CS223_Hardware_Lab/Verilog_Assgn/Question_5/distributive_verification_test_isim_beh.wdb 
ISim P.49d (signature 0x8ef4fb42)
----------------------------------------------------------------------
INFO:Security:50 - The XILINXD_LICENSE_FILE environment variable is set to '2101@172.16.112.136'.
INFO:Security:52 - The LM_LICENSE_FILE environment variable is set to '2101@172.16.112.136'.
WARNING:Security:43 - No license file was found in the standard Xilinx license directory.
WARNING:Security:44 - Since no license file was found,
       please run the Xilinx License Configuration Manager
       (xlcm or "Manage Xilinx Licenses")
       to assist in obtaining a license.
WARNING:Security:42 - Your software subscription period has lapsed. Your current version of Xilinx tools will continue to function, but you no longer qualify for Xilinx software updates or new releases.


----------------------------------------------------------------------
This is a Full version of ISim.
Time resolution is 1 ps
# onerror resume
# wave add /
# run 1000 ns
Simulator is doing circuit initialization process.
Finished circuit initialization process.
