--------------------------------------------------------------------------------
Release 14.4 Trace  (nt)
Copyright (c) 1995-2012 Xilinx, Inc.  All rights reserved.

C:\Xilinx\14.4\ISE_DS\ISE\bin\nt\unwrapped\trce.exe -intstyle ise -v 3 -s 5 -n
3 -fastpaths -xml four_bit_adder.twx four_bit_adder.ncd -o four_bit_adder.twr
four_bit_adder.pcf

Design file:              four_bit_adder.ncd
Physical constraint file: four_bit_adder.pcf
Device,package,speed:     xc3s400,pq208,-5 (PRODUCTION 1.39 2012-12-04)
Report level:             verbose report

Environment Variable      Effect 
--------------------      ------ 
NONE                      No environment variables were set
--------------------------------------------------------------------------------

INFO:Timing:2698 - No timing constraints found, doing default enumeration.
INFO:Timing:3412 - To improve timing, see the Timing Closure User Guide (UG612).
INFO:Timing:2752 - To get complete path coverage, use the unconstrained paths 
   option. All paths that are not constrained will be reported in the 
   unconstrained paths section(s) of the report.
INFO:Timing:3339 - The clock-to-out numbers in this timing report are based on 
   a 50 Ohm transmission line loading model.  For the details of this model, 
   and for more information on accounting for different loading conditions, 
   please see the device datasheet.
INFO:Timing:3390 - This architecture does not support a default System Jitter 
   value, please add SYSTEM_JITTER constraint to the UCF to modify the Clock 
   Uncertainty calculation.
INFO:Timing:3389 - This architecture does not support 'Discrete Jitter' and 
   'Phase Error' calculations, these terms will be zero in the Clock 
   Uncertainty calculation.  Please make appropriate modification to 
   SYSTEM_JITTER to account for the unsupported Discrete Jitter and Phase 
   Error.



Data Sheet report:
-----------------
All values displayed in nanoseconds (ns)

Pad to Pad
---------------+---------------+---------+
Source Pad     |Destination Pad|  Delay  |
---------------+---------------+---------+
A<0>           |Cout           |    9.228|
A<0>           |Z<0>           |    7.504|
A<0>           |Z<1>           |    7.611|
A<0>           |Z<2>           |    8.568|
A<0>           |Z<3>           |    9.215|
A<1>           |Cout           |    8.731|
A<1>           |Z<1>           |    7.130|
A<1>           |Z<2>           |    8.071|
A<1>           |Z<3>           |    8.718|
A<2>           |Cout           |    8.076|
A<2>           |Z<2>           |    7.522|
A<2>           |Z<3>           |    8.063|
A<3>           |Cout           |    7.733|
A<3>           |Z<3>           |    6.764|
B<0>           |Cout           |    9.468|
B<0>           |Z<0>           |    7.341|
B<0>           |Z<1>           |    7.851|
B<0>           |Z<2>           |    8.808|
B<0>           |Z<3>           |    9.455|
B<1>           |Cout           |    9.220|
B<1>           |Z<1>           |    7.242|
B<1>           |Z<2>           |    8.560|
B<1>           |Z<3>           |    9.207|
B<2>           |Cout           |    8.008|
B<2>           |Z<2>           |    7.731|
B<2>           |Z<3>           |    7.995|
B<3>           |Cout           |    7.938|
B<3>           |Z<3>           |    6.626|
Cin            |Cout           |    9.329|
Cin            |Z<0>           |    7.312|
Cin            |Z<1>           |    7.712|
Cin            |Z<2>           |    8.669|
Cin            |Z<3>           |    9.316|
---------------+---------------+---------+


Analysis completed Fri Mar 22 16:40:30 2019 
--------------------------------------------------------------------------------

Trace Settings:
-------------------------
Trace Settings 

Peak Memory Usage: 107 MB



