--------------------------------------------------------------------------------
Release 14.4 Trace  (nt)
Copyright (c) 1995-2012 Xilinx, Inc.  All rights reserved.

C:\Xilinx\14.4\ISE_DS\ISE\bin\nt\unwrapped\trce.exe -intstyle ise -v 3 -s 3 -n
3 -fastpaths -xml ALU_3bit.twx ALU_3bit.ncd -o ALU_3bit.twr ALU_3bit.pcf -ucf
Ports.ucf

Design file:              ALU_3bit.ncd
Physical constraint file: ALU_3bit.pcf
Device,package,speed:     xc6slx45,csg324,C,-3 (PRODUCTION 1.23 2012-12-04)
Report level:             verbose report

Environment Variable      Effect 
--------------------      ------ 
NONE                      No environment variables were set
--------------------------------------------------------------------------------

INFO:Timing:2698 - No timing constraints found, doing default enumeration.
INFO:Timing:3412 - To improve timing, see the Timing Closure User Guide (UG612).
INFO:Timing:2752 - To get complete path coverage, use the unconstrained paths 
   option. All paths that are not constrained will be reported in the 
   unconstrained paths section(s) of the report.
INFO:Timing:3339 - The clock-to-out numbers in this timing report are based on 
   a 50 Ohm transmission line loading model.  For the details of this model, 
   and for more information on accounting for different loading conditions, 
   please see the device datasheet.



Data Sheet report:
-----------------
All values displayed in nanoseconds (ns)

Pad to Pad
---------------+---------------+---------+
Source Pad     |Destination Pad|  Delay  |
---------------+---------------+---------+
A<0>           |op<0>          |   10.875|
A<0>           |op<1>          |   11.115|
A<0>           |op<2>          |   12.402|
A<0>           |op<3>          |   13.857|
A<0>           |op<4>          |   14.196|
A<0>           |op<5>          |   17.005|
A<1>           |op<1>          |   10.649|
A<1>           |op<2>          |   11.765|
A<1>           |op<3>          |   13.481|
A<1>           |op<4>          |   13.576|
A<1>           |op<5>          |   16.675|
A<2>           |op<2>          |   12.947|
A<2>           |op<3>          |   14.547|
A<2>           |op<4>          |   14.514|
A<2>           |op<5>          |   17.741|
B<0>           |op<0>          |   12.175|
B<0>           |op<1>          |   12.468|
B<0>           |op<2>          |   12.863|
B<0>           |op<3>          |   13.807|
B<0>           |op<4>          |   14.195|
B<0>           |op<5>          |   17.004|
B<1>           |op<1>          |   13.331|
B<1>           |op<2>          |   13.218|
B<1>           |op<3>          |   14.529|
B<1>           |op<4>          |   14.319|
B<1>           |op<5>          |   17.723|
B<2>           |op<2>          |   13.225|
B<2>           |op<3>          |   14.384|
B<2>           |op<4>          |   13.914|
B<2>           |op<5>          |   17.578|
sel<0>         |op<0>          |   11.306|
sel<0>         |op<1>          |   11.533|
sel<0>         |op<2>          |   12.894|
sel<0>         |op<3>          |   14.049|
sel<0>         |op<4>          |   14.216|
sel<0>         |op<5>          |   17.785|
sel<1>         |op<0>          |   12.129|
sel<1>         |op<1>          |   12.316|
sel<1>         |op<2>          |   12.559|
sel<1>         |op<3>          |   12.364|
sel<1>         |op<4>          |   12.369|
sel<1>         |op<5>          |   15.880|
---------------+---------------+---------+


Analysis completed Fri Mar 22 17:24:23 2019 
--------------------------------------------------------------------------------

Trace Settings:
-------------------------
Trace Settings 

Peak Memory Usage: 187 MB



