Running: C:\Xilinx\14.4\ISE_DS\ISE\bin\nt\unwrapped\fuse.exe -intstyle ise -incremental -lib unisims_ver -lib unimacro_ver -lib xilinxcorelib_ver -lib secureip -o C:/CS223_Hardware_Lab/ALU_3bit/ALU_Test_isim_beh.exe -prj C:/CS223_Hardware_Lab/ALU_3bit/ALU_Test_beh.prj work.ALU_Test work.glbl 
ISim P.49d (signature 0x8ef4fb42)
Number of CPUs detected in this system: 2
Turning on mult-threading, number of parallel sub-compilation jobs: 4 
Determining compilation order of HDL files
Analyzing Verilog file "C:/CS223_Hardware_Lab/ALU_3bit/ALU_3bit.v" into library work
Analyzing Verilog file "C:/CS223_Hardware_Lab/ALU_3bit/ALU_Test.v" into library work
Analyzing Verilog file "C:/Xilinx/14.4/ISE_DS/ISE//verilog/src/glbl.v" into library work
Starting static elaboration
Completed static elaboration
Fuse Memory Usage: 86156 KB
Fuse CPU Usage: 155 ms
Compiling module ALU_3bit
Compiling module ALU_Test
Compiling module glbl
Time Resolution for simulation is 1ps.
Waiting for 1 sub-compilation(s) to finish...
Compiled 3 Verilog Units
Built simulation executable C:/CS223_Hardware_Lab/ALU_3bit/ALU_Test_isim_beh.exe
Fuse Memory Usage: 90592 KB
Fuse CPU Usage: 187 ms
