Running: C:\Xilinx\14.4\ISE_DS\ISE\bin\nt\unwrapped\fuse.exe -intstyle ise -incremental -lib unisims_ver -lib unimacro_ver -lib xilinxcorelib_ver -lib secureip -o C:/CS223_Hardware_Lab/Booth_Multiplier/Booth_Test_isim_beh.exe -prj C:/CS223_Hardware_Lab/Booth_Multiplier/Booth_Test_beh.prj work.Booth_Test work.glbl 
ISim P.49d (signature 0x8ef4fb42)
Number of CPUs detected in this system: 2
Turning on mult-threading, number of parallel sub-compilation jobs: 4 
Determining compilation order of HDL files
Analyzing Verilog file "C:/CS223_Hardware_Lab/Booth_Multiplier/Booth_Mul.v" into library work
Analyzing Verilog file "C:/CS223_Hardware_Lab/Booth_Multiplier/Booth_Test.v" into library work
Analyzing Verilog file "C:/Xilinx/14.4/ISE_DS/ISE//verilog/src/glbl.v" into library work
Starting static elaboration
Completed static elaboration
Fuse Memory Usage: 86668 KB
Fuse CPU Usage: 156 ms
Compiling module Booth_Mul
Compiling module Booth_Test
Compiling module glbl
Time Resolution for simulation is 1ps.
Compiled 3 Verilog Units
Built simulation executable C:/CS223_Hardware_Lab/Booth_Multiplier/Booth_Test_isim_beh.exe
Fuse Memory Usage: 90080 KB
Fuse CPU Usage: 171 ms
